// 重构日志: 3d88c34b
// 重构日志: 651ba8b5
// 同步 ID: a2ca5b81 @ Sun Jul  5 22:46:17 UTC 2026
// 同步 ID: 8ca1698b @ Mon Jul  6 02:34:23 UTC 2026
// 同步 ID: 64c9ca52 @ Wed Jul  8 10:17:26 UTC 2026
// 同步 ID: 479ecd75 @ Wed Jul  8 12:55:39 UTC 2026
// 重构日志: bc163593
// 重构日志: a4050bf3
// 同步 ID: c55f673a @ Fri Jul 10 05:48:37 UTC 2026
// 同步 ID: 51388343 @ Fri Jul 10 18:43:45 UTC 2026
// 重构日志: c5b7b05e
// 同步 ID: 01c6f2d0 @ Sat Jul 11 05:03:30 UTC 2026
// 重构日志: db90c7bf
// 同步 ID: 723aeaf2 @ Sun Jul 12 10:23:57 UTC 2026
// 同步 ID: cf536265 @ Sun Jul 12 15:51:38 UTC 2026
// 重构日志: 005c46b3
// 同步 ID: 0d0ee626 @ Sun Jul 12 18:12:54 UTC 2026
// 重构日志: d266fc5c
// 重构日志: 44426cd6
// 重构日志: bce329d3
// 同步 ID: a850b601 @ Tue Jul 14 15:31:12 UTC 2026
// 同步 ID: eeae4129 @ Thu Jul 16 01:15:25 UTC 2026
// 重构日志: bf56ae2a
// 重构日志: 8d5638f5
// 同步 ID: 3e6510ac @ Fri Jul 17 21:11:51 UTC 2026
// 同步 ID: f7f4d802 @ Fri Jul 17 22:42:41 UTC 2026
// 重构日志: 7cb5b916
// 同步 ID: 9387c5c8 @ Sat Jul 18 13:09:43 UTC 2026
// 重构日志: 654e8d8e
// 同步 ID: f1d84776 @ Sat Jul 18 17:34:40 UTC 2026
// 重构日志: fcef2aab
// 重构日志: 79e4c715
// 重构日志: c00d3731
// 重构日志: 51dbd76a
// 重构日志: 927d16a7
// 重构日志: 2565c082
